INFO:featureWidget:setModel(None)
INFO:featureWidget:reset model
INFO:featureWidget:finished setModel(<PyQt5.QtCore.QStringListModel object at 0x0000029F96C1A9D8>)
INFO:chainageWidget:setModel(None)
INFO:chainageWidget:setValue(0)
INFO:chainageWidget:setValue(0)
INFO:site_categorizer.site_categorizer_dockwidget:connect
INFO:site_categorizer.site_categorizer_dockwidget:connectCategories(<PyQt5.QtSql.QSqlDatabase object at 0x0000029F96BCD668>)
INFO:site_categorizer.site_categorizer_dockwidget:connectNetwork(<PyQt5.QtSql.QSqlDatabase object at 0x0000029F96BCD668>)
INFO:featureWidget:setModel(<site_categorizer.networkModel.networkModel object at 0x0000029F9764B798>)
INFO:featureWidget:super().setModel()
INFO:chainageWidget:setValue(0)
INFO:featureWidget:finished setModel(<site_categorizer.networkModel.networkModel object at 0x0000029F9764B798>)
INFO:chainageWidget:setModel(<site_categorizer.networkModel.networkModel object at 0x0000029F9764B798>)
INFO:chainageWidget:setValue(0)
INFO:site_categorizer.chainageDelegate:setModel
INFO:site_categorizer.site_categorizer_dockwidget:mapper
INFO:site_categorizer.site_categorizer_dockwidget:connectOtherEvents(<PyQt5.QtSql.QSqlDatabase object at 0x0000029F96BCD668>)
INFO:chainageWidget:setValue(0)
INFO:site_categorizer.commands:insertCommand.redo;data:{'sec': '5010A000677 /00020'}
INFO:site_categorizer.otherEventsModel:insert(5010A000677 /00020)
INFO:site_categorizer.commands:insertCommand.undo;pk:5491
INFO:site_categorizer.otherEventsModel:delete(5491)
INFO:site_categorizer.commands:insertCommand.redo;data:['5010A000677 /00020', False, 0, 0, 'C']
INFO:site_categorizer.otherEventsModel:insert(5010A000677 /00020)
INFO:site_categorizer.commands:insertCommand.undo;pk:5492
INFO:site_categorizer.otherEventsModel:delete(5492)
INFO:site_categorizer.commands:insertCommand.redo;data:['5010A000677 /00020', False, 0, 0, 'C']
INFO:site_categorizer.otherEventsModel:insert(5010A000677 /00020)
INFO:site_categorizer.commands:insertCommand.undo;pk:5493
INFO:site_categorizer.otherEventsModel:delete(5493)
INFO:site_categorizer.chainageWidget:setModel(<site_categorizer.networkModel.networkModel object at 0x0000029F9764B798>)
INFO:site_categorizer.chainageWidget:setValue(0)
INFO:site_categorizer.chainageWidget:setValue(0)
INFO:site_categorizer.chainageWidget:setValue(0)
INFO:root:setModelData(0)
INFO:site_categorizer.chainageWidget:setFromPoint(<QgsPointXY: POINT(-280675.43930434668436646 7125017.93793288618326187)>)
INFO:site_categorizer.chainageWidget:setValue(67.12262401307666)
INFO:site_categorizer.chainageWidget:setValue(67.12262401307666)
INFO:site_categorizer.chainageWidget:setValue(67)
INFO:site_categorizer.chainageWidget:setFromPoint(<QgsPointXY: POINT(-280657.90454904630314559 7125011.39511374477297068)>)
INFO:site_categorizer.chainageWidget:setValue(75.0)
INFO:site_categorizer.chainageWidget:setValue(75.0)
INFO:site_categorizer.chainageWidget:setValue(75)
INFO:site_categorizer.commands:insertCommand.redo;data:{'sec': '5010A000677 /00020'}
INFO:site_categorizer.otherEventsModel:insert(5010A000677 /00020)
INFO:site_categorizer.site_categorizer_dockwidget:otherEventsRemove()
INFO:site_categorizer.commands:deleteManyCommand.redo();pks:[5490, 5490, 5490, 5490]
INFO:site_categorizer.commands:deleteManyCommand.undo();data:[['5010A000677 /00020', False, 0, 75, 'C']]
INFO:site_categorizer.commands:deleteManyCommand.redo();pks:[5495]
INFO:site_categorizer.commands:deleteManyCommand.undo();data:[['5010A000677 /00020', False, 0, 75, 'C']]
INFO:site_categorizer.commands:insertCommand.undo;pk:5494
INFO:site_categorizer.otherEventsModel:delete(5494)
